<?xml version="1.0" encoding="UTF-8"?>
<testsuite name="com.janus.orderbook.msg.TradeMsgTest" tests="1" skipped="0" failures="0" errors="0" timestamp="2020-01-11T13:55:39" hostname="Janusde-MBP" time="0.014">
  <properties/>
  <testcase name="parseMsg()" classname="com.janus.orderbook.msg.TradeMsgTest" time="0.014"/>
  <system-out><![CDATA[]]></system-out>
  <system-err><![CDATA[]]></system-err>
</testsuite>
